2025-07-28 14:22:45.629 [INFO] === 新的操作记录会话开始 ===
2025-07-28 14:23:24.672 [INFO] {"operation": "acquisition_start", "timestamp": "2025-07-28 14:23:24.671", "details": {"source": "serial", "settings": {"port": "COM9", "baud_rate": 115200, "num_sensors": 10, "duration": null, "mode": "doctor"}}}
2025-07-28 14:25:06.771 [INFO] {"operation": "acquisition_stop", "timestamp": "2025-07-28 14:25:06.771", "details": {"statistics": {"display_data_count": 5000, "total_data_count": 12449, "raw_data_count": 12449, "events_count": 25}}}
2025-07-28 14:25:08.343 [INFO] {"operation": "acquisition_start", "timestamp": "2025-07-28 14:25:08.343", "details": {"source": "serial", "settings": {"port": "COM9", "baud_rate": 115200, "num_sensors": 10, "duration": null, "mode": "doctor"}}}
2025-07-28 14:25:42.773 [INFO] {"operation": "acquisition_stop", "timestamp": "2025-07-28 14:25:42.773", "details": {"statistics": {"display_data_count": 4136, "total_data_count": 4136, "raw_data_count": 16585, "events_count": 3}}}
2025-07-28 14:25:56.428 [INFO] {"operation": "acquisition_start", "timestamp": "2025-07-28 14:25:56.428", "details": {"source": "serial", "settings": {"port": "COM9", "baud_rate": 115200, "num_sensors": 10, "duration": null, "mode": "doctor"}}}
2025-07-28 14:29:41.270 [INFO] {"operation": "acquisition_stop", "timestamp": "2025-07-28 14:29:41.270", "details": {"statistics": {"display_data_count": 5000, "total_data_count": 27312, "raw_data_count": 43897, "events_count": 8}}}
2025-07-28 14:29:51.018 [INFO] {"operation": "mode_change", "timestamp": "2025-07-28 14:29:51.018", "details": {"from": "doctor", "to": "patient"}}
2025-07-28 14:29:51.037 [INFO] {"operation": "mode_change", "timestamp": "2025-07-28 14:29:51.037", "details": {"from": "patient", "to": "patient"}}
2025-07-28 14:29:54.124 [INFO] {"operation": "acquisition_start", "timestamp": "2025-07-28 14:29:54.124", "details": {"source": "serial", "settings": {"port": "COM9", "baud_rate": 115200, "num_sensors": 10, "duration": null, "mode": "patient"}}}
2025-07-28 14:30:05.096 [INFO] {"operation": "acquisition_stop", "timestamp": "2025-07-28 14:30:05.096", "details": {"statistics": {"display_data_count": 1079, "total_data_count": 1079, "raw_data_count": 44976, "events_count": 8}}}
2025-07-28 14:30:50.417 [INFO] {"operation": "acquisition_start", "timestamp": "2025-07-28 14:30:50.416", "details": {"source": "serial", "settings": {"port": "COM9", "baud_rate": 115200, "num_sensors": 10, "duration": null, "mode": "patient"}}}
2025-07-28 14:32:51.357 [INFO] {"operation": "acquisition_stop", "timestamp": "2025-07-28 14:32:51.357", "details": {"statistics": {"display_data_count": 5000, "total_data_count": 14555, "raw_data_count": 59531, "events_count": 8}}}
2025-07-28 14:39:09.802 [INFO] {"operation": "acquisition_start", "timestamp": "2025-07-28 14:39:09.802", "details": {"source": "serial", "settings": {"port": "COM9", "baud_rate": 115200, "num_sensors": 10, "duration": null, "mode": "patient"}}}
2025-07-28 14:41:04.518 [INFO] {"operation": "acquisition_stop", "timestamp": "2025-07-28 14:41:04.518", "details": {"statistics": {"display_data_count": 5000, "total_data_count": 14018, "raw_data_count": 73549, "events_count": 8}}}
2025-07-28 14:44:17.187 [INFO] {"operation": "acquisition_start", "timestamp": "2025-07-28 14:44:17.186", "details": {"source": "serial", "settings": {"port": "COM9", "baud_rate": 115200, "num_sensors": 10, "duration": null, "mode": "patient"}}}
2025-07-28 14:45:35.564 [INFO] {"operation": "acquisition_stop", "timestamp": "2025-07-28 14:45:35.564", "details": {"statistics": {"display_data_count": 5000, "total_data_count": 9150, "raw_data_count": 82705, "events_count": 8}}}
2025-07-28 14:45:39.270 [INFO] {"operation": "acquisition_start", "timestamp": "2025-07-28 14:45:39.270", "details": {"source": "serial", "settings": {"port": "COM9", "baud_rate": 115200, "num_sensors": 10, "duration": null, "mode": "patient"}}}
2025-07-28 14:46:26.984 [INFO] {"operation": "acquisition_stop", "timestamp": "2025-07-28 14:46:26.984", "details": {"statistics": {"display_data_count": 5000, "total_data_count": 5607, "raw_data_count": 88312, "events_count": 8}}}
2025-07-28 14:46:31.058 [INFO] {"operation": "acquisition_start", "timestamp": "2025-07-28 14:46:31.058", "details": {"source": "serial", "settings": {"port": "COM9", "baud_rate": 115200, "num_sensors": 10, "duration": null, "mode": "patient"}}}
2025-07-28 14:54:02.830 [INFO] {"operation": "acquisition_stop", "timestamp": "2025-07-28 14:54:02.830", "details": {"statistics": {"display_data_count": 5000, "total_data_count": 55894, "raw_data_count": 144207, "events_count": 8}}}
2025-07-28 15:11:44.106 [INFO] {"operation": "mode_change", "timestamp": "2025-07-28 15:11:44.106", "details": {"from": "patient", "to": "doctor"}}
2025-07-28 15:11:44.108 [INFO] {"operation": "mode_change", "timestamp": "2025-07-28 15:11:44.108", "details": {"from": "doctor", "to": "doctor"}}
2025-07-28 15:11:47.452 [INFO] {"operation": "acquisition_start", "timestamp": "2025-07-28 15:11:47.452", "details": {"source": "serial", "settings": {"port": "COM9", "baud_rate": 115200, "num_sensors": 16, "duration": null, "mode": "doctor"}}}
2025-07-28 15:11:52.738 [ERROR] {"error_type": "serial", "message": "串口读取错误: could not open port 'COM9': OSError(22, '信号灯超时时间已到', None, 121)", "timestamp": "2025-07-28 15:11:52.738"}
2025-07-28 15:12:12.863 [INFO] {"operation": "acquisition_stop", "timestamp": "2025-07-28 15:12:12.863", "details": {"statistics": {"display_data_count": 0, "total_data_count": 0, "raw_data_count": 144207, "events_count": 8}}}
2025-07-28 15:12:14.362 [INFO] {"operation": "acquisition_start", "timestamp": "2025-07-28 15:12:14.362", "details": {"source": "serial", "settings": {"port": "COM9", "baud_rate": 115200, "num_sensors": 16, "duration": null, "mode": "doctor"}}}
2025-07-28 15:12:19.623 [ERROR] {"error_type": "serial", "message": "串口读取错误: could not open port 'COM9': OSError(22, '信号灯超时时间已到', None, 121)", "timestamp": "2025-07-28 15:12:19.623"}
2025-07-28 15:12:25.211 [INFO] {"operation": "acquisition_stop", "timestamp": "2025-07-28 15:12:25.211", "details": {"statistics": {"display_data_count": 0, "total_data_count": 0, "raw_data_count": 144207, "events_count": 8}}}
2025-07-28 15:12:26.888 [INFO] {"operation": "acquisition_start", "timestamp": "2025-07-28 15:12:26.888", "details": {"source": "serial", "settings": {"port": "COM7", "baud_rate": 115200, "num_sensors": 16, "duration": null, "mode": "doctor"}}}
2025-07-28 15:12:53.938 [INFO] {"operation": "acquisition_stop", "timestamp": "2025-07-28 15:12:53.938", "details": {"statistics": {"display_data_count": 775, "total_data_count": 775, "raw_data_count": 144982, "events_count": 8}}}
2025-07-28 15:12:56.223 [INFO] {"operation": "acquisition_start", "timestamp": "2025-07-28 15:12:56.223", "details": {"source": "serial", "settings": {"port": "COM7", "baud_rate": 115200, "num_sensors": 16, "duration": null, "mode": "doctor"}}}
2025-07-28 15:13:15.969 [INFO] {"operation": "acquisition_stop", "timestamp": "2025-07-28 15:13:15.969", "details": {"statistics": {"display_data_count": 574, "total_data_count": 574, "raw_data_count": 145556, "events_count": 8}}}
